<?xml version="1.0" encoding="UTF-8"?>
<testng-results ignored="0" total="2" passed="2" failed="0" skipped="0">
  <reporter-output>
  </reporter-output>
  <suite started-at="2023-01-04T20:11:45 AST" name="Default suite" finished-at="2023-01-04T20:11:51 AST" duration-ms="6030">
    <groups>
    </groups>
    <test started-at="2023-01-04T20:11:45 AST" name="Default test" finished-at="2023-01-04T20:11:51 AST" duration-ms="6030">
      <class name="myTestCases">
        <test-method is-config="true" signature="pre_my_Test()[pri:0, instance:myTestCases@4fb61f4a]" started-at="2023-01-04T20:11:45 AST" name="pre_my_Test" finished-at="2023-01-04T20:11:50 AST" duration-ms="5197" status="PASS">
          <reporter-output>
          </reporter-output>
        </test-method> <!-- pre_my_Test -->
        <test-method signature="check_image_slider()[pri:0, instance:myTestCases@4fb61f4a]" started-at="2023-01-04T20:11:50 AST" name="check_image_slider" finished-at="2023-01-04T20:11:50 AST" duration-ms="345" status="PASS">
          <reporter-output>
          </reporter-output>
        </test-method> <!-- check_image_slider -->
        <test-method signature="validate_contact_form()[pri:0, instance:myTestCases@4fb61f4a]" started-at="2023-01-04T20:11:50 AST" name="validate_contact_form" finished-at="2023-01-04T20:11:51 AST" duration-ms="408" status="PASS">
          <reporter-output>
          </reporter-output>
        </test-method> <!-- validate_contact_form -->
      </class> <!-- myTestCases -->
    </test> <!-- Default test -->
  </suite> <!-- Default suite -->
</testng-results>
